<?xml version="1.0" encoding="UTF-8"?>
<testsuite name="problem101.TestProblem" tests="1" skipped="0" failures="0" errors="0" timestamp="2021-01-03T16:15:31" hostname="calibur" time="0.062">
  <properties/>
  <testcase name="tryInput" classname="problem101.TestProblem" time="0.062"/>
  <system-out><![CDATA[37076114526
]]></system-out>
  <system-err><![CDATA[]]></system-err>
</testsuite>
